<?xml version="1.0" encoding="UTF-8"?>
<testng-results ignored="0" total="1" passed="1" failed="0" skipped="0">
  <reporter-output>
  </reporter-output>
  <suite started-at="2022-09-01T13:39:22Z" name="Default suite" finished-at="2022-09-01T13:39:25Z" duration-ms="3199">
    <groups>
    </groups>
    <test started-at="2022-09-01T13:39:22Z" name="Default test" finished-at="2022-09-01T13:39:25Z" duration-ms="3199">
      <class name="prueba.NewTestSel">
        <test-method signature="testsel()[pri:0, instance:prueba.NewTestSel@20c0a64d]" started-at="2022-09-01T09:39:22Z" name="testsel" finished-at="2022-09-01T09:39:25Z" duration-ms="3184" status="PASS">
          <reporter-output>
          </reporter-output>
        </test-method> <!-- testsel -->
      </class> <!-- prueba.NewTestSel -->
    </test> <!-- Default test -->
  </suite> <!-- Default suite -->
</testng-results>
